<?xml version="1.0" encoding="UTF-8"?>
<!-- Generated by org.testng.reporters.JUnitReportReporter -->
<testsuite hostname="DESKTOP-4G6V73A" failures="0" tests="1" name="TestLayer.RegisterPageTest" time="3.555" errors="0" timestamp="2023-05-11T19:53:43 IST" skipped="0">
  <testcase classname="TestLayer.RegisterPageTest" name="validateRegisterFunctionality" time="3.555"/>
  <system-out/>
</testsuite> <!-- TestLayer.RegisterPageTest -->
