<?xml version="1.0" encoding="UTF-8"?>
<!-- Generated by org.testng.reporters.JUnitReportReporter -->
<testsuite hostname="DESKTOP-4G6V73A" failures="0" tests="8" name="TestLayer.RegisterSucessTest" time="0.100" errors="0" timestamp="2023-05-11T19:53:43 IST" skipped="0">
  <testcase classname="TestLayer.RegisterSucessTest" name="abc" time="0.005"/>
  <system-out/>
  <testcase classname="TestLayer.RegisterSucessTest" name="xyz" time="0.001"/>
  <system-out/>
  <testcase classname="TestLayer.RegisterSucessTest" name="pqr" time="0.000"/>
  <system-out/>
  <testcase classname="TestLayer.RegisterSucessTest" name="pqr1" time="0.000"/>
  <system-out/>
  <testcase classname="TestLayer.RegisterSucessTest" name="validateSucessPageUrl" time="0.008"/>
  <system-out/>
  <testcase classname="TestLayer.RegisterSucessTest" name="validateFirstName" time="0.020"/>
  <system-out/>
  <testcase classname="TestLayer.RegisterSucessTest" name="validateLastName" time="0.049"/>
  <system-out/>
  <testcase classname="TestLayer.RegisterSucessTest" name="validateEmailId" time="0.017"/>
  <system-out/>
</testsuite> <!-- TestLayer.RegisterSucessTest -->
