<?xml version="1.0" encoding="UTF-8"?>
<!-- Generated by org.testng.reporters.JUnitReportReporter -->
<testsuite hostname="DESKTOP-4G6V73A" failures="0" tests="4" name="TestLayer.RegisterSucessTest" time="0.155" errors="0" timestamp="2023-01-16T20:41:08 IST" skipped="0">
  <testcase classname="TestLayer.RegisterSucessTest" name="validateSucessPageUrl" time="0.016"/>
  <system-out/>
  <testcase classname="TestLayer.RegisterSucessTest" name="validateFirstName" time="0.079"/>
  <system-out/>
  <testcase classname="TestLayer.RegisterSucessTest" name="validateLastName" time="0.021"/>
  <system-out/>
  <testcase classname="TestLayer.RegisterSucessTest" name="validateEmailId" time="0.039"/>
  <system-out/>
</testsuite> <!-- TestLayer.RegisterSucessTest -->
